mode: set
get-rates-usdt-grpc-service/internal/infrastracture/logs/logger.go:9.37,30.16 7 0
get-rates-usdt-grpc-service/internal/infrastracture/logs/logger.go:30.16,32.3 1 0
get-rates-usdt-grpc-service/internal/infrastracture/logs/logger.go:34.2,34.23 1 0
get-rates-usdt-grpc-service/cmd/main.go:10.13,26.2 7 0
get-rates-usdt-grpc-service/config/config.go:33.51,56.35 5 0
get-rates-usdt-grpc-service/config/config.go:56.35,57.24 1 0
get-rates-usdt-grpc-service/config/config.go:57.24,59.4 1 0
get-rates-usdt-grpc-service/config/config.go:62.2,78.50 11 0
get-rates-usdt-grpc-service/internal/infrastracture/db/migrator.go:11.48,16.16 2 0
get-rates-usdt-grpc-service/internal/infrastracture/db/migrator.go:16.16,18.3 1 0
get-rates-usdt-grpc-service/internal/infrastracture/db/migrator.go:19.2,21.61 2 0
get-rates-usdt-grpc-service/internal/infrastracture/db/migrator.go:21.61,23.3 1 0
get-rates-usdt-grpc-service/internal/infrastracture/db/migrator.go:25.2,25.12 1 0
get-rates-usdt-grpc-service/internal/infrastracture/metrics/metrics.go:69.31,70.12 1 0
get-rates-usdt-grpc-service/internal/infrastracture/metrics/metrics.go:70.12,73.3 2 0
get-rates-usdt-grpc-service/internal/infrastracture/metrics/middleware.go:9.59,10.128 1 0
get-rates-usdt-grpc-service/internal/infrastracture/metrics/middleware.go:10.128,16.17 5 0
get-rates-usdt-grpc-service/internal/infrastracture/metrics/middleware.go:16.17,18.4 1 0
get-rates-usdt-grpc-service/internal/infrastracture/metrics/middleware.go:20.3,29.18 3 0
get-rates-usdt-grpc-service/internal/infrastracture/trace/tracer.go:13.80,15.16 2 0
get-rates-usdt-grpc-service/internal/infrastracture/trace/tracer.go:15.16,17.3 1 0
get-rates-usdt-grpc-service/internal/infrastracture/trace/tracer.go:19.2,29.16 3 0
get-rates-usdt-grpc-service/internal/infrastracture/trace/tracer.go:29.16,30.59 1 0
get-rates-usdt-grpc-service/internal/infrastracture/trace/tracer.go:30.59,32.4 1 0
get-rates-usdt-grpc-service/internal/modules/service/mocks/rates_service_mock.go:27.69,31.2 3 0
get-rates-usdt-grpc-service/internal/modules/service/mocks/rates_service_mock.go:34.67,36.2 1 0
get-rates-usdt-grpc-service/internal/modules/service/mocks/rates_service_mock.go:39.86,45.2 5 0
get-rates-usdt-grpc-service/internal/modules/service/mocks/rates_service_mock.go:48.86,51.2 2 0
get-rates-usdt-grpc-service/config/config.go:33.51,56.35 5 0
get-rates-usdt-grpc-service/config/config.go:56.35,57.24 1 0
get-rates-usdt-grpc-service/config/config.go:57.24,59.4 1 0
get-rates-usdt-grpc-service/config/config.go:62.2,78.50 11 0
get-rates-usdt-grpc-service/internal/infrastracture/db/migrator.go:11.48,16.16 2 0
get-rates-usdt-grpc-service/internal/infrastracture/db/migrator.go:16.16,18.3 1 0
get-rates-usdt-grpc-service/internal/infrastracture/db/migrator.go:19.2,21.61 2 0
get-rates-usdt-grpc-service/internal/infrastracture/db/migrator.go:21.61,23.3 1 0
get-rates-usdt-grpc-service/internal/infrastracture/db/migrator.go:25.2,25.12 1 0
get-rates-usdt-grpc-service/internal/modules/controller/rates_controller.go:14.66,16.2 1 1
get-rates-usdt-grpc-service/internal/modules/controller/rates_controller.go:18.112,20.16 2 1
get-rates-usdt-grpc-service/internal/modules/controller/rates_controller.go:20.16,22.3 1 1
get-rates-usdt-grpc-service/internal/modules/controller/rates_controller.go:24.2,28.8 1 1
get-rates-usdt-grpc-service/internal/modules/controller/rates_controller.go:31.121,35.2 1 1
get-rates-usdt-grpc-service/internal/modules/service/mocks/rates_service_mock.go:27.69,31.2 3 1
get-rates-usdt-grpc-service/internal/modules/service/mocks/rates_service_mock.go:34.67,36.2 1 1
get-rates-usdt-grpc-service/internal/modules/service/mocks/rates_service_mock.go:39.86,45.2 5 1
get-rates-usdt-grpc-service/internal/modules/service/mocks/rates_service_mock.go:48.86,51.2 2 1
get-rates-usdt-grpc-service/protogen/golang/get-rates/get-rates.pb.go:46.86,50.2 3 0
get-rates-usdt-grpc-service/protogen/golang/get-rates/get-rates.pb.go:52.60,54.2 1 0
get-rates-usdt-grpc-service/protogen/golang/get-rates/get-rates.pb.go:56.83,58.2 1 0
get-rates-usdt-grpc-service/protogen/golang/get-rates/get-rates.pb.go:60.71,62.2 1 0
get-rates-usdt-grpc-service/protogen/golang/get-rates/get-rates.pb.go:64.77,66.2 1 0
get-rates-usdt-grpc-service/protogen/golang/get-rates/get-rates.pb.go:69.75,71.2 1 0
get-rates-usdt-grpc-service/protogen/golang/get-rates/get-rates.pb.go:79.35,84.2 4 0
get-rates-usdt-grpc-service/protogen/golang/get-rates/get-rates.pb.go:86.43,88.2 1 0
get-rates-usdt-grpc-service/protogen/golang/get-rates/get-rates.pb.go:90.41,90.42 0 0
get-rates-usdt-grpc-service/protogen/golang/get-rates/get-rates.pb.go:92.63,94.14 2 0
get-rates-usdt-grpc-service/protogen/golang/get-rates/get-rates.pb.go:94.14,96.34 2 0
get-rates-usdt-grpc-service/protogen/golang/get-rates/get-rates.pb.go:96.34,98.4 1 0
get-rates-usdt-grpc-service/protogen/golang/get-rates/get-rates.pb.go:99.3,99.12 1 0
get-rates-usdt-grpc-service/protogen/golang/get-rates/get-rates.pb.go:101.2,101.24 1 0
get-rates-usdt-grpc-service/protogen/golang/get-rates/get-rates.pb.go:105.54,107.2 1 0
get-rates-usdt-grpc-service/protogen/golang/get-rates/get-rates.pb.go:118.36,123.2 4 0
get-rates-usdt-grpc-service/protogen/golang/get-rates/get-rates.pb.go:125.44,127.2 1 0
get-rates-usdt-grpc-service/protogen/golang/get-rates/get-rates.pb.go:129.42,129.43 0 0
get-rates-usdt-grpc-service/protogen/golang/get-rates/get-rates.pb.go:131.64,133.14 2 0
get-rates-usdt-grpc-service/protogen/golang/get-rates/get-rates.pb.go:133.14,135.34 2 0
get-rates-usdt-grpc-service/protogen/golang/get-rates/get-rates.pb.go:135.34,137.4 1 0
get-rates-usdt-grpc-service/protogen/golang/get-rates/get-rates.pb.go:138.3,138.12 1 0
get-rates-usdt-grpc-service/protogen/golang/get-rates/get-rates.pb.go:140.2,140.24 1 0
get-rates-usdt-grpc-service/protogen/golang/get-rates/get-rates.pb.go:144.55,146.2 1 0
get-rates-usdt-grpc-service/protogen/golang/get-rates/get-rates.pb.go:148.45,149.14 1 0
get-rates-usdt-grpc-service/protogen/golang/get-rates/get-rates.pb.go:149.14,151.3 1 0
get-rates-usdt-grpc-service/protogen/golang/get-rates/get-rates.pb.go:152.2,152.10 1 0
get-rates-usdt-grpc-service/protogen/golang/get-rates/get-rates.pb.go:155.45,156.14 1 0
get-rates-usdt-grpc-service/protogen/golang/get-rates/get-rates.pb.go:156.14,158.3 1 0
get-rates-usdt-grpc-service/protogen/golang/get-rates/get-rates.pb.go:159.2,159.10 1 0
get-rates-usdt-grpc-service/protogen/golang/get-rates/get-rates.pb.go:162.49,163.14 1 0
get-rates-usdt-grpc-service/protogen/golang/get-rates/get-rates.pb.go:163.14,165.3 1 0
get-rates-usdt-grpc-service/protogen/golang/get-rates/get-rates.pb.go:166.2,166.10 1 0
get-rates-usdt-grpc-service/protogen/golang/get-rates/get-rates.pb.go:175.38,180.2 4 0
get-rates-usdt-grpc-service/protogen/golang/get-rates/get-rates.pb.go:182.46,184.2 1 0
get-rates-usdt-grpc-service/protogen/golang/get-rates/get-rates.pb.go:186.44,186.45 0 0
get-rates-usdt-grpc-service/protogen/golang/get-rates/get-rates.pb.go:188.66,190.14 2 0
get-rates-usdt-grpc-service/protogen/golang/get-rates/get-rates.pb.go:190.14,192.34 2 0
get-rates-usdt-grpc-service/protogen/golang/get-rates/get-rates.pb.go:192.34,194.4 1 0
get-rates-usdt-grpc-service/protogen/golang/get-rates/get-rates.pb.go:195.3,195.12 1 0
get-rates-usdt-grpc-service/protogen/golang/get-rates/get-rates.pb.go:197.2,197.24 1 0
get-rates-usdt-grpc-service/protogen/golang/get-rates/get-rates.pb.go:201.57,203.2 1 0
get-rates-usdt-grpc-service/protogen/golang/get-rates/get-rates.pb.go:212.39,217.2 4 0
get-rates-usdt-grpc-service/protogen/golang/get-rates/get-rates.pb.go:219.47,221.2 1 0
get-rates-usdt-grpc-service/protogen/golang/get-rates/get-rates.pb.go:223.45,223.46 0 0
get-rates-usdt-grpc-service/protogen/golang/get-rates/get-rates.pb.go:225.67,227.14 2 0
get-rates-usdt-grpc-service/protogen/golang/get-rates/get-rates.pb.go:227.14,229.34 2 0
get-rates-usdt-grpc-service/protogen/golang/get-rates/get-rates.pb.go:229.34,231.4 1 0
get-rates-usdt-grpc-service/protogen/golang/get-rates/get-rates.pb.go:232.3,232.12 1 0
get-rates-usdt-grpc-service/protogen/golang/get-rates/get-rates.pb.go:234.2,234.24 1 0
get-rates-usdt-grpc-service/protogen/golang/get-rates/get-rates.pb.go:238.58,240.2 1 0
get-rates-usdt-grpc-service/protogen/golang/get-rates/get-rates.pb.go:242.77,243.14 1 0
get-rates-usdt-grpc-service/protogen/golang/get-rates/get-rates.pb.go:243.14,245.3 1 0
get-rates-usdt-grpc-service/protogen/golang/get-rates/get-rates.pb.go:246.2,246.36 1 0
get-rates-usdt-grpc-service/protogen/golang/get-rates/get-rates.pb.go:290.58,291.55 1 0
get-rates-usdt-grpc-service/protogen/golang/get-rates/get-rates.pb.go:291.55,293.3 1 0
get-rates-usdt-grpc-service/protogen/golang/get-rates/get-rates.pb.go:294.2,294.51 1 0
get-rates-usdt-grpc-service/protogen/golang/get-rates/get-rates.pb.go:319.13,319.54 1 1
get-rates-usdt-grpc-service/protogen/golang/get-rates/get-rates.pb.go:320.44,321.43 1 1
get-rates-usdt-grpc-service/protogen/golang/get-rates/get-rates.pb.go:321.43,323.3 1 0
get-rates-usdt-grpc-service/protogen/golang/get-rates/get-rates.pb.go:324.2,341.46 5 1
get-rates-usdt-grpc-service/protogen/golang/get-rates/get-rates_grpc.pb.go:38.76,40.2 1 0
get-rates-usdt-grpc-service/protogen/golang/get-rates/get-rates_grpc.pb.go:42.133,46.16 4 0
get-rates-usdt-grpc-service/protogen/golang/get-rates/get-rates_grpc.pb.go:46.16,48.3 1 0
get-rates-usdt-grpc-service/protogen/golang/get-rates/get-rates_grpc.pb.go:49.2,49.17 1 0
get-rates-usdt-grpc-service/protogen/golang/get-rates/get-rates_grpc.pb.go:52.142,56.16 4 0
get-rates-usdt-grpc-service/protogen/golang/get-rates/get-rates_grpc.pb.go:56.16,58.3 1 0
get-rates-usdt-grpc-service/protogen/golang/get-rates/get-rates_grpc.pb.go:59.2,59.17 1 0
get-rates-usdt-grpc-service/protogen/golang/get-rates/get-rates_grpc.pb.go:78.111,80.2 1 0
get-rates-usdt-grpc-service/protogen/golang/get-rates/get-rates_grpc.pb.go:81.120,83.2 1 0
get-rates-usdt-grpc-service/protogen/golang/get-rates/get-rates_grpc.pb.go:84.84,84.85 0 0
get-rates-usdt-grpc-service/protogen/golang/get-rates/get-rates_grpc.pb.go:85.84,85.85 0 0
get-rates-usdt-grpc-service/protogen/golang/get-rates/get-rates_grpc.pb.go:94.82,99.59 1 0
get-rates-usdt-grpc-service/protogen/golang/get-rates/get-rates_grpc.pb.go:99.59,101.3 1 0
get-rates-usdt-grpc-service/protogen/golang/get-rates/get-rates_grpc.pb.go:102.2,102.51 1 0
get-rates-usdt-grpc-service/protogen/golang/get-rates/get-rates_grpc.pb.go:105.166,107.32 2 0
get-rates-usdt-grpc-service/protogen/golang/get-rates/get-rates_grpc.pb.go:107.32,109.3 1 0
get-rates-usdt-grpc-service/protogen/golang/get-rates/get-rates_grpc.pb.go:110.2,110.24 1 0
get-rates-usdt-grpc-service/protogen/golang/get-rates/get-rates_grpc.pb.go:110.24,112.3 1 0
get-rates-usdt-grpc-service/protogen/golang/get-rates/get-rates_grpc.pb.go:113.2,117.77 2 0
get-rates-usdt-grpc-service/protogen/golang/get-rates/get-rates_grpc.pb.go:117.77,119.3 1 0
get-rates-usdt-grpc-service/protogen/golang/get-rates/get-rates_grpc.pb.go:120.2,120.44 1 0
get-rates-usdt-grpc-service/protogen/golang/get-rates/get-rates_grpc.pb.go:123.169,125.32 2 0
get-rates-usdt-grpc-service/protogen/golang/get-rates/get-rates_grpc.pb.go:125.32,127.3 1 0
get-rates-usdt-grpc-service/protogen/golang/get-rates/get-rates_grpc.pb.go:128.2,128.24 1 0
get-rates-usdt-grpc-service/protogen/golang/get-rates/get-rates_grpc.pb.go:128.24,130.3 1 0
get-rates-usdt-grpc-service/protogen/golang/get-rates/get-rates_grpc.pb.go:131.2,135.77 2 0
get-rates-usdt-grpc-service/protogen/golang/get-rates/get-rates_grpc.pb.go:135.77,137.3 1 0
get-rates-usdt-grpc-service/protogen/golang/get-rates/get-rates_grpc.pb.go:138.2,138.44 1 0
get-rates-usdt-grpc-service/config/config.go:33.51,56.35 5 0
get-rates-usdt-grpc-service/config/config.go:56.35,57.24 1 0
get-rates-usdt-grpc-service/config/config.go:57.24,59.4 1 0
get-rates-usdt-grpc-service/config/config.go:62.2,78.50 11 0
get-rates-usdt-grpc-service/internal/infrastracture/db/migrator.go:11.48,16.16 2 0
get-rates-usdt-grpc-service/internal/infrastracture/db/migrator.go:16.16,18.3 1 0
get-rates-usdt-grpc-service/internal/infrastracture/db/migrator.go:19.2,21.61 2 0
get-rates-usdt-grpc-service/internal/infrastracture/db/migrator.go:21.61,23.3 1 0
get-rates-usdt-grpc-service/internal/infrastracture/db/migrator.go:25.2,25.12 1 0
get-rates-usdt-grpc-service/internal/modules/service/rates_service.go:25.95,31.2 1 1
get-rates-usdt-grpc-service/internal/modules/service/rates_service.go:33.82,35.16 2 1
get-rates-usdt-grpc-service/internal/modules/service/rates_service.go:35.16,37.3 1 1
get-rates-usdt-grpc-service/internal/modules/service/rates_service.go:38.2,51.52 4 1
get-rates-usdt-grpc-service/internal/modules/service/rates_service.go:51.52,53.3 1 0
get-rates-usdt-grpc-service/internal/modules/service/rates_service.go:55.2,56.24 2 1
get-rates-usdt-grpc-service/internal/modules/service/rates_service.go:56.24,58.3 1 1
get-rates-usdt-grpc-service/internal/modules/service/rates_service.go:59.2,59.24 1 1
get-rates-usdt-grpc-service/internal/modules/service/rates_service.go:59.24,61.3 1 1
get-rates-usdt-grpc-service/internal/modules/service/rates_service.go:63.2,69.54 2 1
get-rates-usdt-grpc-service/internal/modules/service/rates_service.go:69.54,71.3 1 0
get-rates-usdt-grpc-service/internal/modules/service/rates_service.go:73.2,73.18 1 1
get-rates-usdt-grpc-service/internal/modules/storage/mocks/postgres_storage_mock.go:27.69,31.2 3 1
get-rates-usdt-grpc-service/internal/modules/storage/mocks/postgres_storage_mock.go:34.67,36.2 1 1
get-rates-usdt-grpc-service/internal/modules/storage/mocks/postgres_storage_mock.go:39.83,44.2 4 1
get-rates-usdt-grpc-service/internal/modules/storage/mocks/postgres_storage_mock.go:47.86,50.2 2 1
get-rates-usdt-grpc-service/config/config.go:33.51,56.35 5 0
get-rates-usdt-grpc-service/config/config.go:56.35,57.24 1 0
get-rates-usdt-grpc-service/config/config.go:57.24,59.4 1 0
get-rates-usdt-grpc-service/config/config.go:62.2,78.50 11 0
get-rates-usdt-grpc-service/internal/infrastracture/db/migrator.go:11.48,16.16 2 0
get-rates-usdt-grpc-service/internal/infrastracture/db/migrator.go:16.16,18.3 1 0
get-rates-usdt-grpc-service/internal/infrastracture/db/migrator.go:19.2,21.61 2 0
get-rates-usdt-grpc-service/internal/infrastracture/db/migrator.go:21.61,23.3 1 0
get-rates-usdt-grpc-service/internal/infrastracture/db/migrator.go:25.2,25.12 1 0
get-rates-usdt-grpc-service/internal/modules/storage/postgres_storage.go:29.64,31.2 1 0
get-rates-usdt-grpc-service/internal/modules/storage/postgres_storage.go:33.78,44.48 2 0
get-rates-usdt-grpc-service/internal/modules/storage/postgres_storage.go:44.48,46.3 1 0
get-rates-usdt-grpc-service/internal/modules/storage/postgres_storage.go:48.2,49.16 2 0
get-rates-usdt-grpc-service/internal/modules/storage/postgres_storage.go:49.16,51.3 1 0
get-rates-usdt-grpc-service/internal/modules/storage/postgres_storage.go:53.2,53.46 1 0
get-rates-usdt-grpc-service/internal/modules/storage/postgres_storage.go:56.82,67.2 2 1
get-rates-usdt-grpc-service/protogen/golang/get-rates/get-rates.pb.go:46.86,50.2 3 0
get-rates-usdt-grpc-service/protogen/golang/get-rates/get-rates.pb.go:52.60,54.2 1 0
get-rates-usdt-grpc-service/protogen/golang/get-rates/get-rates.pb.go:56.83,58.2 1 0
get-rates-usdt-grpc-service/protogen/golang/get-rates/get-rates.pb.go:60.71,62.2 1 0
get-rates-usdt-grpc-service/protogen/golang/get-rates/get-rates.pb.go:64.77,66.2 1 0
get-rates-usdt-grpc-service/protogen/golang/get-rates/get-rates.pb.go:69.75,71.2 1 0
get-rates-usdt-grpc-service/protogen/golang/get-rates/get-rates.pb.go:79.35,84.2 4 0
get-rates-usdt-grpc-service/protogen/golang/get-rates/get-rates.pb.go:86.43,88.2 1 0
get-rates-usdt-grpc-service/protogen/golang/get-rates/get-rates.pb.go:90.41,90.42 0 0
get-rates-usdt-grpc-service/protogen/golang/get-rates/get-rates.pb.go:92.63,94.14 2 0
get-rates-usdt-grpc-service/protogen/golang/get-rates/get-rates.pb.go:94.14,96.34 2 0
get-rates-usdt-grpc-service/protogen/golang/get-rates/get-rates.pb.go:96.34,98.4 1 0
get-rates-usdt-grpc-service/protogen/golang/get-rates/get-rates.pb.go:99.3,99.12 1 0
get-rates-usdt-grpc-service/protogen/golang/get-rates/get-rates.pb.go:101.2,101.24 1 0
get-rates-usdt-grpc-service/protogen/golang/get-rates/get-rates.pb.go:105.54,107.2 1 0
get-rates-usdt-grpc-service/protogen/golang/get-rates/get-rates.pb.go:118.36,123.2 4 0
get-rates-usdt-grpc-service/protogen/golang/get-rates/get-rates.pb.go:125.44,127.2 1 0
get-rates-usdt-grpc-service/protogen/golang/get-rates/get-rates.pb.go:129.42,129.43 0 0
get-rates-usdt-grpc-service/protogen/golang/get-rates/get-rates.pb.go:131.64,133.14 2 0
get-rates-usdt-grpc-service/protogen/golang/get-rates/get-rates.pb.go:133.14,135.34 2 0
get-rates-usdt-grpc-service/protogen/golang/get-rates/get-rates.pb.go:135.34,137.4 1 0
get-rates-usdt-grpc-service/protogen/golang/get-rates/get-rates.pb.go:138.3,138.12 1 0
get-rates-usdt-grpc-service/protogen/golang/get-rates/get-rates.pb.go:140.2,140.24 1 0
get-rates-usdt-grpc-service/protogen/golang/get-rates/get-rates.pb.go:144.55,146.2 1 0
get-rates-usdt-grpc-service/protogen/golang/get-rates/get-rates.pb.go:148.45,149.14 1 0
get-rates-usdt-grpc-service/protogen/golang/get-rates/get-rates.pb.go:149.14,151.3 1 0
get-rates-usdt-grpc-service/protogen/golang/get-rates/get-rates.pb.go:152.2,152.10 1 0
get-rates-usdt-grpc-service/protogen/golang/get-rates/get-rates.pb.go:155.45,156.14 1 0
get-rates-usdt-grpc-service/protogen/golang/get-rates/get-rates.pb.go:156.14,158.3 1 0
get-rates-usdt-grpc-service/protogen/golang/get-rates/get-rates.pb.go:159.2,159.10 1 0
get-rates-usdt-grpc-service/protogen/golang/get-rates/get-rates.pb.go:162.49,163.14 1 0
get-rates-usdt-grpc-service/protogen/golang/get-rates/get-rates.pb.go:163.14,165.3 1 0
get-rates-usdt-grpc-service/protogen/golang/get-rates/get-rates.pb.go:166.2,166.10 1 0
get-rates-usdt-grpc-service/protogen/golang/get-rates/get-rates.pb.go:175.38,180.2 4 0
get-rates-usdt-grpc-service/protogen/golang/get-rates/get-rates.pb.go:182.46,184.2 1 0
get-rates-usdt-grpc-service/protogen/golang/get-rates/get-rates.pb.go:186.44,186.45 0 0
get-rates-usdt-grpc-service/protogen/golang/get-rates/get-rates.pb.go:188.66,190.14 2 0
get-rates-usdt-grpc-service/protogen/golang/get-rates/get-rates.pb.go:190.14,192.34 2 0
get-rates-usdt-grpc-service/protogen/golang/get-rates/get-rates.pb.go:192.34,194.4 1 0
get-rates-usdt-grpc-service/protogen/golang/get-rates/get-rates.pb.go:195.3,195.12 1 0
get-rates-usdt-grpc-service/protogen/golang/get-rates/get-rates.pb.go:197.2,197.24 1 0
get-rates-usdt-grpc-service/protogen/golang/get-rates/get-rates.pb.go:201.57,203.2 1 0
get-rates-usdt-grpc-service/protogen/golang/get-rates/get-rates.pb.go:212.39,217.2 4 0
get-rates-usdt-grpc-service/protogen/golang/get-rates/get-rates.pb.go:219.47,221.2 1 0
get-rates-usdt-grpc-service/protogen/golang/get-rates/get-rates.pb.go:223.45,223.46 0 0
get-rates-usdt-grpc-service/protogen/golang/get-rates/get-rates.pb.go:225.67,227.14 2 0
get-rates-usdt-grpc-service/protogen/golang/get-rates/get-rates.pb.go:227.14,229.34 2 0
get-rates-usdt-grpc-service/protogen/golang/get-rates/get-rates.pb.go:229.34,231.4 1 0
get-rates-usdt-grpc-service/protogen/golang/get-rates/get-rates.pb.go:232.3,232.12 1 0
get-rates-usdt-grpc-service/protogen/golang/get-rates/get-rates.pb.go:234.2,234.24 1 0
get-rates-usdt-grpc-service/protogen/golang/get-rates/get-rates.pb.go:238.58,240.2 1 0
get-rates-usdt-grpc-service/protogen/golang/get-rates/get-rates.pb.go:242.77,243.14 1 0
get-rates-usdt-grpc-service/protogen/golang/get-rates/get-rates.pb.go:243.14,245.3 1 0
get-rates-usdt-grpc-service/protogen/golang/get-rates/get-rates.pb.go:246.2,246.36 1 0
get-rates-usdt-grpc-service/protogen/golang/get-rates/get-rates.pb.go:290.58,291.55 1 0
get-rates-usdt-grpc-service/protogen/golang/get-rates/get-rates.pb.go:291.55,293.3 1 0
get-rates-usdt-grpc-service/protogen/golang/get-rates/get-rates.pb.go:294.2,294.51 1 0
get-rates-usdt-grpc-service/protogen/golang/get-rates/get-rates.pb.go:319.13,319.54 1 0
get-rates-usdt-grpc-service/protogen/golang/get-rates/get-rates.pb.go:320.44,321.43 1 0
get-rates-usdt-grpc-service/protogen/golang/get-rates/get-rates.pb.go:321.43,323.3 1 0
get-rates-usdt-grpc-service/protogen/golang/get-rates/get-rates.pb.go:324.2,341.46 5 0
get-rates-usdt-grpc-service/protogen/golang/get-rates/get-rates_grpc.pb.go:38.76,40.2 1 0
get-rates-usdt-grpc-service/protogen/golang/get-rates/get-rates_grpc.pb.go:42.133,46.16 4 0
get-rates-usdt-grpc-service/protogen/golang/get-rates/get-rates_grpc.pb.go:46.16,48.3 1 0
get-rates-usdt-grpc-service/protogen/golang/get-rates/get-rates_grpc.pb.go:49.2,49.17 1 0
get-rates-usdt-grpc-service/protogen/golang/get-rates/get-rates_grpc.pb.go:52.142,56.16 4 0
get-rates-usdt-grpc-service/protogen/golang/get-rates/get-rates_grpc.pb.go:56.16,58.3 1 0
get-rates-usdt-grpc-service/protogen/golang/get-rates/get-rates_grpc.pb.go:59.2,59.17 1 0
get-rates-usdt-grpc-service/protogen/golang/get-rates/get-rates_grpc.pb.go:78.111,80.2 1 0
get-rates-usdt-grpc-service/protogen/golang/get-rates/get-rates_grpc.pb.go:81.120,83.2 1 0
get-rates-usdt-grpc-service/protogen/golang/get-rates/get-rates_grpc.pb.go:84.84,84.85 0 0
get-rates-usdt-grpc-service/protogen/golang/get-rates/get-rates_grpc.pb.go:85.84,85.85 0 0
get-rates-usdt-grpc-service/protogen/golang/get-rates/get-rates_grpc.pb.go:94.82,99.59 1 0
get-rates-usdt-grpc-service/protogen/golang/get-rates/get-rates_grpc.pb.go:99.59,101.3 1 0
get-rates-usdt-grpc-service/protogen/golang/get-rates/get-rates_grpc.pb.go:102.2,102.51 1 0
get-rates-usdt-grpc-service/protogen/golang/get-rates/get-rates_grpc.pb.go:105.166,107.32 2 0
get-rates-usdt-grpc-service/protogen/golang/get-rates/get-rates_grpc.pb.go:107.32,109.3 1 0
get-rates-usdt-grpc-service/protogen/golang/get-rates/get-rates_grpc.pb.go:110.2,110.24 1 0
get-rates-usdt-grpc-service/protogen/golang/get-rates/get-rates_grpc.pb.go:110.24,112.3 1 0
get-rates-usdt-grpc-service/protogen/golang/get-rates/get-rates_grpc.pb.go:113.2,117.77 2 0
get-rates-usdt-grpc-service/protogen/golang/get-rates/get-rates_grpc.pb.go:117.77,119.3 1 0
get-rates-usdt-grpc-service/protogen/golang/get-rates/get-rates_grpc.pb.go:120.2,120.44 1 0
get-rates-usdt-grpc-service/protogen/golang/get-rates/get-rates_grpc.pb.go:123.169,125.32 2 0
get-rates-usdt-grpc-service/protogen/golang/get-rates/get-rates_grpc.pb.go:125.32,127.3 1 0
get-rates-usdt-grpc-service/protogen/golang/get-rates/get-rates_grpc.pb.go:128.2,128.24 1 0
get-rates-usdt-grpc-service/protogen/golang/get-rates/get-rates_grpc.pb.go:128.24,130.3 1 0
get-rates-usdt-grpc-service/protogen/golang/get-rates/get-rates_grpc.pb.go:131.2,135.77 2 0
get-rates-usdt-grpc-service/protogen/golang/get-rates/get-rates_grpc.pb.go:135.77,137.3 1 0
get-rates-usdt-grpc-service/protogen/golang/get-rates/get-rates_grpc.pb.go:138.2,138.44 1 0
get-rates-usdt-grpc-service/run/app.go:50.66,52.2 1 0
get-rates-usdt-grpc-service/run/app.go:55.56,59.16 3 0
get-rates-usdt-grpc-service/run/app.go:59.16,61.3 1 0
get-rates-usdt-grpc-service/run/app.go:62.2,65.16 3 0
get-rates-usdt-grpc-service/run/app.go:65.16,67.3 1 0
get-rates-usdt-grpc-service/run/app.go:68.2,72.16 3 0
get-rates-usdt-grpc-service/run/app.go:72.16,74.3 1 0
get-rates-usdt-grpc-service/run/app.go:76.2,84.10 6 0
get-rates-usdt-grpc-service/run/app.go:88.25,89.15 1 0
get-rates-usdt-grpc-service/run/app.go:89.15,90.28 1 0
get-rates-usdt-grpc-service/run/app.go:90.28,92.4 1 0
get-rates-usdt-grpc-service/run/app.go:95.2,104.21 5 0
get-rates-usdt-grpc-service/run/app.go:104.21,105.10 1 0
get-rates-usdt-grpc-service/run/app.go:106.23,111.14 5 0
get-rates-usdt-grpc-service/run/app.go:112.21,113.20 1 0
get-rates-usdt-grpc-service/run/app.go:118.2,118.21 1 0
get-rates-usdt-grpc-service/run/app.go:118.21,120.80 2 0
get-rates-usdt-grpc-service/run/app.go:120.80,123.4 2 0
get-rates-usdt-grpc-service/run/app.go:124.3,124.13 1 0
get-rates-usdt-grpc-service/run/app.go:128.2,128.34 1 0
get-rates-usdt-grpc-service/run/app.go:128.34,131.3 2 0
get-rates-usdt-grpc-service/run/app.go:133.2,133.23 1 0
get-rates-usdt-grpc-service/internal/modules/storage/mocks/postgres_storage_mock.go:27.69,31.2 3 0
get-rates-usdt-grpc-service/internal/modules/storage/mocks/postgres_storage_mock.go:34.67,36.2 1 0
get-rates-usdt-grpc-service/internal/modules/storage/mocks/postgres_storage_mock.go:39.83,44.2 4 0
get-rates-usdt-grpc-service/internal/modules/storage/mocks/postgres_storage_mock.go:47.86,50.2 2 0
